2016-09-23 09:25:33.975 Level=3 class=CCrackCaptchaClient       Func=Login                     Err=0         	Enter Login
2016-09-23 09:25:33.991 Level=2 class=CMySocket                 Func=Connect                   Err=0         	Connect server(-1271646585:123) success(socket=732): connect return: 0
2016-09-23 09:25:33.991 Level=2 class=CMySocket                 Func=Connect                   Err=0         	Connect server(-1977258716:123) success(socket=660): connect return: 0
2016-09-23 09:25:33.991 Level=2 class=CMySocket                 Func=Connect                   Err=0         	Connect server(-1006298879:123) success(socket=680): connect return: 0
2016-09-23 09:25:33.991 Level=2 class=CMySocket                 Func=Connect                   Err=0         	Connect server(211773991:123) success(socket=668): connect return: 0
2016-09-23 09:25:34.006 Level=2 class=CMySocket                 Func=Connect                   Err=0         	Connect server(-1633483125:80) failed(socket=744, time=1474593933)
2016-09-23 09:25:34.006 Level=2 class=TimeSync                  Func=RequestITime              Err=0         	Synchronize time success by time.dama2.com:123
2016-09-23 09:25:34.006 Level=2 class=CCrackCaptchaClient       Func=RequestServer             Err=0         	[1]request: seq=1, cmd=144
2016-09-23 09:25:34.037 Level=2 class=CMySocket                 Func=Connect                   Err=0         	Connect server(1939303714:8537) success(socket=632)
2016-09-23 09:25:34.037 Level=2 class=CMySocket                 Func=Connect                   Err=0         	Connect server(-1547997662:8537) success(socket=916)
2016-09-23 09:25:34.053 Level=2 class=CMySocket                 Func=Connect                   Err=0         	Connect server(1489136930:9593) failed(socket=644, time=1474593934)
2016-09-23 09:25:34.069 Level=2 class=CMySocket                 Func=Connect                   Err=0         	Connect server(1693561049:9087) failed(socket=852, time=1474593934)
2016-09-23 09:25:34.069 Level=2 class=CMySocket                 Func=Connect                   Err=0         	Connect server(851471650:9087) failed(socket=748, time=1474593934)
2016-09-23 09:25:34.069 Level=2 class=CMySocket                 Func=Connect                   Err=0         	Connect server(297496098:9593) failed(socket=732, time=1474593934)
2016-09-23 09:25:34.069 Level=0 class=CCrackCaptchaClient       Func=RequestServer             Err=0         	send data ok
2016-09-23 09:25:34.084 Level=0 class=CCrackCaptchaClient       Func=RequestServer             Err=0         	recv data(len= 90)
2016-09-23 09:25:34.084 Level=0 class=CCrackCaptchaClient       Func=RequestServer             Err=0         	recv data ok
2016-09-23 09:25:34.084 Level=2 class=CCrackCaptchaClient       Func=RequestServer             Err=0         	RequestServer Success
2016-09-23 09:25:34.100 Level=2 class=CMySocket                 Func=Connect                   Err=0         	Connect server(560229159:8537) success(socket=852)
2016-09-23 09:25:34.100 Level=2 class=CMySocket                 Func=Connect                   Err=0         	Connect server(560229159:9593) failed(socket=644, time=1474593934)
2016-09-23 09:25:34.100 Level=2 class=CMySocket                 Func=Connect                   Err=0         	Connect server(560229159:9087) failed(socket=728, time=1474593934)
2016-09-23 09:25:34.100 Level=0 class=CCrackCaptchaClient       Func=OnSocketAccepting         Err=0         	[2]connected to server(ip=560229159, port=8537)
2016-09-23 09:25:34.100 Level=3 class=CCrackCaptchaClient       Func=InnerLogin                Err=0         	Enter InnerLogin
2016-09-23 09:25:34.115 Level=2 class=CCrackCaptchaClient       Func=InnerLogin                Err=0         	[2]request: seq=2, cmd=48
2016-09-23 09:25:34.115 Level=2 class=CCrackCaptchaClient       Func=OnSocketDataSent          Err=0         	[2]Data sent(len=186)
2016-09-23 09:25:34.162 Level=2 class=CCrackCaptchaClient       Func=HandleReceivedData        Err=0         	[2]received: seq=2, cmd=48, rsp=0
2016-09-23 09:25:34.178 Level=2 class=CCrackCaptchaClient       Func=InnerLogin                Err=0         	talonlei login(softname=test)
2016-09-23 09:25:34.178 Level=3 class=CCrackCaptchaClient       Func=InnerLogin                Err=0         	Exit InnerLogin(used 78ms)
2016-09-23 09:25:34.178 Level=3 class=CCrackCaptchaClient       Func=Login                     Err=0         	Exit Login(used 203ms)
2016-09-23 09:25:34.178 Level=2 class=CCrackCaptchaClient       Func=RequestDecode             Err=0         	start decode: datalen=6091, ext=JPG, len=0, timeout=20, type=4
2016-09-23 09:25:34.178 Level=3 class=CCrackCaptchaClient       Func=RequestDecode             Err=0         	Exit RequestDecode(used 0ms)
2016-09-23 09:25:34.178 Level=2 class=CCrackCaptchaClient       Func=GetDecodeResult           Err=0         	start GetResult: processID=3, uTimeout=20000
2016-09-23 09:25:34.178 Level=0 class=CCrackCaptchaClient       Func=UploadFileThreadFunc      Err=0         	start upload file(seq=3) ...
2016-09-23 09:25:34.178 Level=2 class=CCrackCaptchaClient       Func=UploadFile                Err=0         	[2]request: seq=4, cmd=59
2016-09-23 09:25:34.178 Level=2 class=CCrackCaptchaClient       Func=OnSocketDataSent          Err=0         	[2]Data sent(len=6193)
2016-09-23 09:25:34.193 Level=2 class=CCrackCaptchaClient       Func=HandleReceivedData        Err=0         	[2]received: seq=4, cmd=59, rsp=0
2016-09-23 09:25:34.193 Level=0 class=CCrackCaptchaClient       Func=UploadFileThreadFunc      Err=0         	end upload file(seq=3) ...
2016-09-23 09:25:34.193 Level=2 class=CCrackCaptchaClient       Func=UploadFileThreadFunc      Err=0         	[2]request: seq=3, cmd=53
2016-09-23 09:25:34.193 Level=2 class=CCrackCaptchaClient       Func=OnSocketDataSent          Err=0         	[2]Data sent(len=281)
2016-09-23 09:25:34.273 Level=2 class=CCrackCaptchaClient       Func=HandleReceivedData        Err=0         	[2]received: seq=3, cmd=53, rsp=0
2016-09-23 09:25:34.273 Level=2 class=CCrackCaptchaClient       Func=InnerGetDecodeResult      Err=0         	[2]request: seq=5, cmd=54
2016-09-23 09:25:34.273 Level=2 class=CCrackCaptchaClient       Func=OnSocketDataSent          Err=0         	[2]Data sent(len=38)
2016-09-23 09:25:34.320 Level=2 class=CCrackCaptchaClient       Func=HandleReceivedData        Err=0         	[2]received: seq=5, cmd=54, rsp=0
2016-09-23 09:25:34.336 Level=2 class=CCrackCaptchaClient       Func=InnerGetDecodeResult      Err=0         	GetDecodeResult success(uProcessID=3, vcodeid=879600535, VCode=7364)
2016-09-23 09:25:34.336 Level=0 class=CCrackCaptchaClient       Func=GetDecodeResult           Err=0         	GetResult Success: processID=3, VCode=7364, id=879600535
2016-09-23 09:27:02.756 Level=3 class=CCrackCaptchaClient       Func=Login                     Err=0         	Enter Login
2016-09-23 09:27:02.774 Level=2 class=CMySocket                 Func=Connect                   Err=0         	Connect server(-1271646585:123) success(socket=740): connect return: 0
2016-09-23 09:27:02.774 Level=2 class=CMySocket                 Func=Connect                   Err=0         	Connect server(-1977258716:123) success(socket=656): connect return: 0
2016-09-23 09:27:02.774 Level=2 class=CMySocket                 Func=Connect                   Err=0         	Connect server(211773991:123) success(socket=672): connect return: 0
2016-09-23 09:27:02.774 Level=2 class=CMySocket                 Func=Connect                   Err=0         	Connect server(-1006298879:123) success(socket=724): connect return: 0
2016-09-23 09:27:02.805 Level=2 class=CMySocket                 Func=Connect                   Err=0         	Connect server(-1633483125:80) failed(socket=768, time=1474594022)
2016-09-23 09:27:02.805 Level=2 class=TimeSync                  Func=RequestITime              Err=0         	Synchronize time success by time.dama2.com:123
2016-09-23 09:27:02.805 Level=2 class=CCrackCaptchaClient       Func=RequestServer             Err=0         	[1]request: seq=1, cmd=144
2016-09-23 09:27:02.820 Level=2 class=CMySocket                 Func=Connect                   Err=0         	Connect server(1939303714:9087) success(socket=692)
2016-09-23 09:27:02.820 Level=2 class=CMySocket                 Func=Connect                   Err=0         	Connect server(1693561049:9087) success(socket=748)
2016-09-23 09:27:02.852 Level=2 class=CMySocket                 Func=Connect                   Err=0         	Connect server(1693561049:8497) failed(socket=664, time=1474594022)
2016-09-23 09:27:02.852 Level=2 class=CMySocket                 Func=Connect                   Err=0         	Connect server(1693561049:8537) failed(socket=904, time=1474594022)
2016-09-23 09:27:02.852 Level=2 class=CMySocket                 Func=Connect                   Err=0         	Connect server(1939303714:8537) failed(socket=740, time=1474594022)
2016-09-23 09:27:02.852 Level=2 class=CMySocket                 Func=Connect                   Err=0         	Connect server(1939303714:8497) failed(socket=752, time=1474594022)
2016-09-23 09:27:02.852 Level=0 class=CCrackCaptchaClient       Func=RequestServer             Err=0         	send data ok
2016-09-23 09:27:02.883 Level=0 class=CCrackCaptchaClient       Func=RequestServer             Err=0         	recv data(len= 90)
2016-09-23 09:27:02.883 Level=0 class=CCrackCaptchaClient       Func=RequestServer             Err=0         	recv data ok
2016-09-23 09:27:02.883 Level=2 class=CCrackCaptchaClient       Func=RequestServer             Err=0         	RequestServer Success
2016-09-23 09:27:02.883 Level=2 class=CMySocket                 Func=Connect                   Err=0         	Connect server(560229159:9087) success(socket=968)
2016-09-23 09:27:02.898 Level=2 class=CMySocket                 Func=Connect                   Err=0         	Connect server(560229159:8537) failed(socket=908, time=1474594022)
2016-09-23 09:27:02.898 Level=2 class=CMySocket                 Func=Connect                   Err=0         	Connect server(560229159:8497) failed(socket=876, time=1474594022)
2016-09-23 09:27:02.898 Level=0 class=CCrackCaptchaClient       Func=OnSocketAccepting         Err=0         	[2]connected to server(ip=560229159, port=9087)
2016-09-23 09:27:02.898 Level=3 class=CCrackCaptchaClient       Func=InnerLogin                Err=0         	Enter InnerLogin
2016-09-23 09:27:02.898 Level=2 class=CCrackCaptchaClient       Func=InnerLogin                Err=0         	[2]request: seq=2, cmd=48
2016-09-23 09:27:02.898 Level=2 class=CCrackCaptchaClient       Func=OnSocketDataSent          Err=0         	[2]Data sent(len=186)
2016-09-23 09:27:02.961 Level=2 class=CCrackCaptchaClient       Func=HandleReceivedData        Err=0         	[2]received: seq=2, cmd=48, rsp=0
2016-09-23 09:27:02.961 Level=2 class=CCrackCaptchaClient       Func=InnerLogin                Err=0         	talonlei login(softname=test)
2016-09-23 09:27:02.961 Level=3 class=CCrackCaptchaClient       Func=InnerLogin                Err=0         	Exit InnerLogin(used 62ms)
2016-09-23 09:27:02.961 Level=3 class=CCrackCaptchaClient       Func=Login                     Err=0         	Exit Login(used 203ms)
2016-09-23 09:27:02.961 Level=2 class=CCrackCaptchaClient       Func=RequestDecode             Err=0         	start decode: datalen=5289, ext=JPG, len=0, timeout=20, type=4
2016-09-23 09:27:02.976 Level=3 class=CCrackCaptchaClient       Func=RequestDecode             Err=0         	Exit RequestDecode(used 0ms)
2016-09-23 09:27:02.976 Level=2 class=CCrackCaptchaClient       Func=GetDecodeResult           Err=0         	start GetResult: processID=3, uTimeout=20000
2016-09-23 09:27:02.976 Level=0 class=CCrackCaptchaClient       Func=UploadFileThreadFunc      Err=0         	start upload file(seq=3) ...
2016-09-23 09:27:02.976 Level=2 class=CCrackCaptchaClient       Func=UploadFile                Err=0         	[2]request: seq=4, cmd=59
2016-09-23 09:27:02.976 Level=2 class=CCrackCaptchaClient       Func=OnSocketDataSent          Err=0         	[2]Data sent(len=5391)
2016-09-23 09:27:03.008 Level=2 class=CCrackCaptchaClient       Func=HandleReceivedData        Err=0         	[2]received: seq=4, cmd=59, rsp=0
2016-09-23 09:27:03.008 Level=0 class=CCrackCaptchaClient       Func=UploadFileThreadFunc      Err=0         	end upload file(seq=3) ...
2016-09-23 09:27:03.008 Level=2 class=CCrackCaptchaClient       Func=UploadFileThreadFunc      Err=0         	[2]request: seq=3, cmd=53
2016-09-23 09:27:03.008 Level=2 class=CCrackCaptchaClient       Func=OnSocketDataSent          Err=0         	[2]Data sent(len=279)
2016-09-23 09:27:03.054 Level=2 class=CCrackCaptchaClient       Func=HandleReceivedData        Err=0         	[2]received: seq=3, cmd=53, rsp=0
2016-09-23 09:27:03.054 Level=2 class=CCrackCaptchaClient       Func=InnerGetDecodeResult      Err=0         	[2]request: seq=5, cmd=54
2016-09-23 09:27:03.054 Level=2 class=CCrackCaptchaClient       Func=OnSocketDataSent          Err=0         	[2]Data sent(len=38)
2016-09-23 09:27:18.093 Level=2 class=CCrackCaptchaClient       Func=HandleReceivedData        Err=0         	[2]received: seq=5, cmd=54, rsp=0
2016-09-23 09:27:18.093 Level=2 class=CCrackCaptchaClient       Func=InnerGetDecodeResult      Err=0         	GetDecodeResult success(uProcessID=3, vcodeid=879613531, VCode=IERROR)
2016-09-23 09:27:18.093 Level=0 class=CCrackCaptchaClient       Func=GetDecodeResult           Err=0         	GetResult Success: processID=3, VCode=IERROR, id=879613531
2016-09-23 09:29:10.829 Level=3 class=CCrackCaptchaClient       Func=Login                     Err=0         	Enter Login
2016-09-23 09:29:10.846 Level=2 class=CMySocket                 Func=Connect                   Err=0         	Connect server(-1977258716:123) success(socket=660): connect return: 0
2016-09-23 09:29:10.846 Level=2 class=CMySocket                 Func=Connect                   Err=0         	Connect server(-1006298879:123) success(socket=680): connect return: 0
2016-09-23 09:29:10.846 Level=2 class=CMySocket                 Func=Connect                   Err=0         	Connect server(211773991:123) success(socket=668): connect return: 0
2016-09-23 09:29:10.846 Level=2 class=CMySocket                 Func=Connect                   Err=0         	Connect server(-1271646585:123) success(socket=700): connect return: 0
2016-09-23 09:29:10.861 Level=2 class=CMySocket                 Func=Connect                   Err=0         	Connect server(-1633483125:80) failed(socket=744, time=1474594150)
2016-09-23 09:29:10.861 Level=2 class=TimeSync                  Func=RequestITime              Err=0         	Synchronize time success by time.dama2.com:123
2016-09-23 09:29:10.861 Level=2 class=CCrackCaptchaClient       Func=RequestServer             Err=0         	[1]request: seq=1, cmd=144
2016-09-23 09:29:10.892 Level=2 class=CMySocket                 Func=Connect                   Err=0         	Connect server(1693561049:9087) success(socket=888)
2016-09-23 09:29:10.892 Level=2 class=CMySocket                 Func=Connect                   Err=0         	Connect server(1939303714:9087) success(socket=632)
2016-09-23 09:29:10.908 Level=2 class=CMySocket                 Func=Connect                   Err=0         	Connect server(1939303714:8497) failed(socket=648, time=1474594150)
2016-09-23 09:29:10.908 Level=2 class=CMySocket                 Func=Connect                   Err=0         	Connect server(1693561049:8537) failed(socket=704, time=1474594150)
2016-09-23 09:29:10.908 Level=2 class=CMySocket                 Func=Connect                   Err=0         	Connect server(1693561049:8497) failed(socket=848, time=1474594150)
2016-09-23 09:29:10.908 Level=2 class=CMySocket                 Func=Connect                   Err=0         	Connect server(1939303714:8537) failed(socket=700, time=1474594150)
2016-09-23 09:29:10.924 Level=0 class=CCrackCaptchaClient       Func=RequestServer             Err=0         	send data ok
2016-09-23 09:29:10.941 Level=0 class=CCrackCaptchaClient       Func=RequestServer             Err=0         	recv data(len= 90)
2016-09-23 09:29:10.941 Level=0 class=CCrackCaptchaClient       Func=RequestServer             Err=0         	recv data ok
2016-09-23 09:29:10.941 Level=2 class=CCrackCaptchaClient       Func=RequestServer             Err=0         	RequestServer Success
2016-09-23 09:29:10.957 Level=2 class=CMySocket                 Func=Connect                   Err=0         	Connect server(560229159:9087) success(socket=848)
2016-09-23 09:29:10.957 Level=2 class=CMySocket                 Func=Connect                   Err=0         	Connect server(560229159:8537) failed(socket=888, time=1474594150)
2016-09-23 09:29:10.972 Level=2 class=CMySocket                 Func=Connect                   Err=0         	Connect server(560229159:8497) failed(socket=852, time=1474594150)
2016-09-23 09:29:10.972 Level=0 class=CCrackCaptchaClient       Func=OnSocketAccepting         Err=0         	[2]connected to server(ip=560229159, port=9087)
2016-09-23 09:29:10.972 Level=3 class=CCrackCaptchaClient       Func=InnerLogin                Err=0         	Enter InnerLogin
2016-09-23 09:29:10.972 Level=2 class=CCrackCaptchaClient       Func=InnerLogin                Err=0         	[2]request: seq=2, cmd=48
2016-09-23 09:29:10.972 Level=2 class=CCrackCaptchaClient       Func=OnSocketDataSent          Err=0         	[2]Data sent(len=186)
2016-09-23 09:29:11.004 Level=2 class=CCrackCaptchaClient       Func=HandleReceivedData        Err=0         	[2]received: seq=2, cmd=48, rsp=0
2016-09-23 09:29:11.019 Level=2 class=CCrackCaptchaClient       Func=InnerLogin                Err=0         	talonlei login(softname=test)
2016-09-23 09:29:11.019 Level=3 class=CCrackCaptchaClient       Func=InnerLogin                Err=0         	Exit InnerLogin(used 46ms)
2016-09-23 09:29:11.019 Level=3 class=CCrackCaptchaClient       Func=Login                     Err=0         	Exit Login(used 202ms)
2016-09-23 09:29:11.019 Level=2 class=CCrackCaptchaClient       Func=RequestDecode             Err=0         	start decode: datalen=5289, ext=JPG, len=0, timeout=20, type=140
2016-09-23 09:29:11.019 Level=3 class=CCrackCaptchaClient       Func=RequestDecode             Err=0         	Exit RequestDecode(used 0ms)
2016-09-23 09:29:11.019 Level=2 class=CCrackCaptchaClient       Func=GetDecodeResult           Err=0         	start GetResult: processID=3, uTimeout=20000
2016-09-23 09:29:11.019 Level=0 class=CCrackCaptchaClient       Func=UploadFileThreadFunc      Err=0         	start upload file(seq=3) ...
2016-09-23 09:29:11.035 Level=2 class=CCrackCaptchaClient       Func=UploadFile                Err=0         	[2]request: seq=4, cmd=59
2016-09-23 09:29:11.035 Level=2 class=CCrackCaptchaClient       Func=OnSocketDataSent          Err=0         	[2]Data sent(len=5391)
2016-09-23 09:29:11.050 Level=2 class=CCrackCaptchaClient       Func=HandleReceivedData        Err=0         	[2]received: seq=4, cmd=59, rsp=0
2016-09-23 09:29:11.050 Level=0 class=CCrackCaptchaClient       Func=UploadFileThreadFunc      Err=0         	end upload file(seq=3) ...
2016-09-23 09:29:11.066 Level=2 class=CCrackCaptchaClient       Func=UploadFileThreadFunc      Err=0         	[2]request: seq=3, cmd=53
2016-09-23 09:29:11.066 Level=2 class=CCrackCaptchaClient       Func=OnSocketDataSent          Err=0         	[2]Data sent(len=279)
2016-09-23 09:29:11.097 Level=2 class=CCrackCaptchaClient       Func=HandleReceivedData        Err=0         	[2]received: seq=3, cmd=53, rsp=0
2016-09-23 09:29:11.097 Level=2 class=CCrackCaptchaClient       Func=InnerGetDecodeResult      Err=0         	[2]request: seq=5, cmd=54
2016-09-23 09:29:11.097 Level=2 class=CCrackCaptchaClient       Func=OnSocketDataSent          Err=0         	[2]Data sent(len=38)
2016-09-23 09:29:31.025 Level=0 class=CCrackCaptchaClient       Func=GetDecodeResult           Err=-1214     	GetResult Error: processID=3
2016-09-23 09:32:37.561 Level=3 class=CCrackCaptchaClient       Func=Login                     Err=0         	Enter Login
2016-09-23 09:32:37.577 Level=2 class=CMySocket                 Func=Connect                   Err=0         	Connect server(-1210086621:123) success(socket=724): connect return: 0
2016-09-23 09:32:37.577 Level=2 class=CMySocket                 Func=Connect                   Err=0         	Connect server(205499749:123) success(socket=676): connect return: 0
2016-09-23 09:32:37.577 Level=2 class=CMySocket                 Func=Connect                   Err=0         	Connect server(-1977258716:123) success(socket=660): connect return: 0
2016-09-23 09:32:37.577 Level=2 class=CMySocket                 Func=Connect                   Err=0         	Connect server(-1271646585:123) success(socket=752): connect return: 0
2016-09-23 09:32:37.608 Level=2 class=CMySocket                 Func=Connect                   Err=0         	Connect server(-1633483125:80) failed(socket=844, time=1474594357)
2016-09-23 09:32:37.608 Level=2 class=TimeSync                  Func=RequestITime              Err=0         	Synchronize time success by time.dama2.com:123
2016-09-23 09:32:37.608 Level=2 class=CCrackCaptchaClient       Func=RequestServer             Err=0         	[1]request: seq=1, cmd=144
2016-09-23 09:32:37.639 Level=2 class=CMySocket                 Func=Connect                   Err=0         	Connect server(1507093794:8497) success(socket=892)
2016-09-23 09:32:37.655 Level=2 class=CMySocket                 Func=Connect                   Err=0         	Connect server(1939303714:8497) success(socket=632)
2016-09-23 09:32:37.670 Level=2 class=CMySocket                 Func=Connect                   Err=0         	Connect server(851471650:8512) failed(socket=648, time=1474594357)
2016-09-23 09:32:37.670 Level=2 class=CMySocket                 Func=Connect                   Err=0         	Connect server(1489136930:8512) failed(socket=668, time=1474594357)
2016-09-23 09:32:37.670 Level=2 class=CMySocket                 Func=Connect                   Err=0         	Connect server(297496098:9087) failed(socket=752, time=1474594357)
2016-09-23 09:32:37.670 Level=2 class=CMySocket                 Func=Connect                   Err=0         	Connect server(1693561049:9087) failed(socket=916, time=1474594357)
2016-09-23 09:32:37.670 Level=0 class=CCrackCaptchaClient       Func=RequestServer             Err=0         	send data ok
2016-09-23 09:32:37.701 Level=0 class=CCrackCaptchaClient       Func=RequestServer             Err=0         	recv data(len= 90)
2016-09-23 09:32:37.701 Level=0 class=CCrackCaptchaClient       Func=RequestServer             Err=0         	recv data ok
2016-09-23 09:32:37.701 Level=2 class=CCrackCaptchaClient       Func=RequestServer             Err=0         	RequestServer Success
2016-09-23 09:32:37.717 Level=2 class=CMySocket                 Func=Connect                   Err=0         	Connect server(560229159:8497) success(socket=668)
2016-09-23 09:32:37.717 Level=2 class=CMySocket                 Func=Connect                   Err=0         	Connect server(560229159:8512) failed(socket=728, time=1474594357)
2016-09-23 09:32:37.717 Level=2 class=CMySocket                 Func=Connect                   Err=0         	Connect server(560229159:9087) failed(socket=916, time=1474594357)
2016-09-23 09:32:37.733 Level=0 class=CCrackCaptchaClient       Func=OnSocketAccepting         Err=0         	[2]connected to server(ip=560229159, port=8497)
2016-09-23 09:32:37.733 Level=3 class=CCrackCaptchaClient       Func=InnerLogin                Err=0         	Enter InnerLogin
2016-09-23 09:32:37.733 Level=2 class=CCrackCaptchaClient       Func=InnerLogin                Err=0         	[2]request: seq=2, cmd=48
2016-09-23 09:32:37.733 Level=2 class=CCrackCaptchaClient       Func=OnSocketDataSent          Err=0         	[2]Data sent(len=186)
2016-09-23 09:32:37.779 Level=2 class=CCrackCaptchaClient       Func=HandleReceivedData        Err=0         	[2]received: seq=2, cmd=48, rsp=0
2016-09-23 09:32:37.779 Level=2 class=CCrackCaptchaClient       Func=InnerLogin                Err=0         	talonlei login(softname=test)
2016-09-23 09:32:37.779 Level=3 class=CCrackCaptchaClient       Func=InnerLogin                Err=0         	Exit InnerLogin(used 47ms)
2016-09-23 09:32:37.779 Level=3 class=CCrackCaptchaClient       Func=Login                     Err=0         	Exit Login(used 219ms)
2016-09-23 09:32:37.795 Level=2 class=CCrackCaptchaClient       Func=RequestDecode             Err=0         	start decode: datalen=5289, ext=JPG, len=0, timeout=20, type=62
2016-09-23 09:32:37.795 Level=3 class=CCrackCaptchaClient       Func=RequestDecode             Err=0         	Exit RequestDecode(used 0ms)
2016-09-23 09:32:37.795 Level=2 class=CCrackCaptchaClient       Func=GetDecodeResult           Err=0         	start GetResult: processID=3, uTimeout=20000
2016-09-23 09:32:37.795 Level=0 class=CCrackCaptchaClient       Func=UploadFileThreadFunc      Err=0         	start upload file(seq=3) ...
2016-09-23 09:32:37.795 Level=2 class=CCrackCaptchaClient       Func=UploadFile                Err=0         	[2]request: seq=4, cmd=59
2016-09-23 09:32:37.795 Level=2 class=CCrackCaptchaClient       Func=OnSocketDataSent          Err=0         	[2]Data sent(len=5391)
2016-09-23 09:32:37.811 Level=2 class=CCrackCaptchaClient       Func=HandleReceivedData        Err=0         	[2]received: seq=4, cmd=59, rsp=0
2016-09-23 09:32:37.811 Level=0 class=CCrackCaptchaClient       Func=UploadFileThreadFunc      Err=0         	end upload file(seq=3) ...
2016-09-23 09:32:37.811 Level=2 class=CCrackCaptchaClient       Func=UploadFileThreadFunc      Err=0         	[2]request: seq=3, cmd=53
2016-09-23 09:32:37.811 Level=2 class=CCrackCaptchaClient       Func=OnSocketDataSent          Err=0         	[2]Data sent(len=279)
2016-09-23 09:32:37.857 Level=2 class=CCrackCaptchaClient       Func=HandleReceivedData        Err=0         	[2]received: seq=3, cmd=53, rsp=0
2016-09-23 09:32:37.857 Level=2 class=CCrackCaptchaClient       Func=InnerGetDecodeResult      Err=0         	[2]request: seq=5, cmd=54
2016-09-23 09:32:37.857 Level=2 class=CCrackCaptchaClient       Func=OnSocketDataSent          Err=0         	[2]Data sent(len=38)
2016-09-23 09:32:42.006 Level=2 class=CCrackCaptchaClient       Func=HandleReceivedData        Err=0         	[2]received: seq=5, cmd=54, rsp=0
2016-09-23 09:32:42.006 Level=2 class=CCrackCaptchaClient       Func=InnerGetDecodeResult      Err=0         	GetDecodeResult success(uProcessID=3, vcodeid=879662158, VCode=助人为乐)
2016-09-23 09:32:42.006 Level=0 class=CCrackCaptchaClient       Func=GetDecodeResult           Err=0         	GetResult Success: processID=3, VCode=助人为乐, id=879662158
2016-09-23 09:34:39.833 Level=3 class=CCrackCaptchaClient       Func=Login                     Err=0         	Enter Login
2016-09-23 09:34:39.833 Level=2 class=CMySocket                 Func=Connect                   Err=0         	Connect server(-1210086621:123) success(socket=700): connect return: 0
2016-09-23 09:34:39.833 Level=2 class=CMySocket                 Func=Connect                   Err=0         	Connect server(-1271646585:123) success(socket=708): connect return: 0
2016-09-23 09:34:39.833 Level=2 class=CMySocket                 Func=Connect                   Err=0         	Connect server(-1977258716:123) success(socket=656): connect return: 0
2016-09-23 09:34:39.848 Level=2 class=CMySocket                 Func=Connect                   Err=0         	Connect server(205499749:123) success(socket=672): connect return: 0
2016-09-23 09:34:39.864 Level=2 class=CMySocket                 Func=Connect                   Err=0         	Connect server(-1633483125:80) failed(socket=768, time=1474594479)
2016-09-23 09:34:39.864 Level=2 class=TimeSync                  Func=RequestITime              Err=0         	Synchronize time success by time.dama2.com:123
2016-09-23 09:34:39.864 Level=2 class=CCrackCaptchaClient       Func=RequestServer             Err=0         	[1]request: seq=1, cmd=144
2016-09-23 09:34:39.895 Level=2 class=CMySocket                 Func=Connect                   Err=0         	Connect server(1489136930:8512) success(socket=740)
2016-09-23 09:34:39.895 Level=2 class=CMySocket                 Func=Connect                   Err=0         	Connect server(851471650:8512) success(socket=684)
2016-09-23 09:34:39.911 Level=2 class=CMySocket                 Func=Connect                   Err=0         	Connect server(1489136930:8497) failed(socket=908, time=1474594479)
2016-09-23 09:34:39.911 Level=2 class=CMySocket                 Func=Connect                   Err=0         	Connect server(851471650:9708) failed(socket=644, time=1474594479)
2016-09-23 09:34:39.911 Level=2 class=CMySocket                 Func=Connect                   Err=0         	Connect server(1489136930:9708) failed(socket=884, time=1474594479)
2016-09-23 09:34:39.911 Level=2 class=CMySocket                 Func=Connect                   Err=0         	Connect server(851471650:8497) failed(socket=708, time=1474594479)
2016-09-23 09:34:39.911 Level=0 class=CCrackCaptchaClient       Func=RequestServer             Err=0         	send data ok
2016-09-23 09:34:39.942 Level=0 class=CCrackCaptchaClient       Func=RequestServer             Err=0         	recv data(len= 90)
2016-09-23 09:34:39.942 Level=0 class=CCrackCaptchaClient       Func=RequestServer             Err=0         	recv data ok
2016-09-23 09:34:39.942 Level=2 class=CCrackCaptchaClient       Func=RequestServer             Err=0         	RequestServer Success
2016-09-23 09:34:39.957 Level=2 class=CMySocket                 Func=Connect                   Err=0         	Connect server(560229159:8512) success(socket=728)
2016-09-23 09:34:39.973 Level=2 class=CMySocket                 Func=Connect                   Err=0         	Connect server(560229159:8497) failed(socket=880, time=1474594479)
2016-09-23 09:34:39.973 Level=2 class=CMySocket                 Func=Connect                   Err=0         	Connect server(560229159:9708) failed(socket=676, time=1474594479)
2016-09-23 09:34:39.973 Level=0 class=CCrackCaptchaClient       Func=OnSocketAccepting         Err=0         	[2]connected to server(ip=560229159, port=8512)
2016-09-23 09:34:39.973 Level=3 class=CCrackCaptchaClient       Func=InnerLogin                Err=0         	Enter InnerLogin
2016-09-23 09:34:39.973 Level=2 class=CCrackCaptchaClient       Func=InnerLogin                Err=0         	[2]request: seq=2, cmd=48
2016-09-23 09:34:39.973 Level=2 class=CCrackCaptchaClient       Func=OnSocketDataSent          Err=0         	[2]Data sent(len=186)
2016-09-23 09:34:40.020 Level=2 class=CCrackCaptchaClient       Func=HandleReceivedData        Err=0         	[2]received: seq=2, cmd=48, rsp=0
2016-09-23 09:34:40.035 Level=2 class=CCrackCaptchaClient       Func=InnerLogin                Err=0         	talonlei login(softname=test)
2016-09-23 09:34:40.035 Level=3 class=CCrackCaptchaClient       Func=InnerLogin                Err=0         	Exit InnerLogin(used 63ms)
2016-09-23 09:34:40.035 Level=3 class=CCrackCaptchaClient       Func=Login                     Err=0         	Exit Login(used 203ms)
2016-09-23 09:34:40.035 Level=2 class=CCrackCaptchaClient       Func=RequestDecode             Err=0         	start decode: datalen=4602, ext=JPG, len=0, timeout=20, type=63
2016-09-23 09:34:40.035 Level=3 class=CCrackCaptchaClient       Func=RequestDecode             Err=0         	Exit RequestDecode(used 0ms)
2016-09-23 09:34:40.035 Level=2 class=CCrackCaptchaClient       Func=GetDecodeResult           Err=0         	start GetResult: processID=3, uTimeout=20000
2016-09-23 09:34:40.035 Level=0 class=CCrackCaptchaClient       Func=UploadFileThreadFunc      Err=0         	start upload file(seq=3) ...
2016-09-23 09:34:40.035 Level=2 class=CCrackCaptchaClient       Func=UploadFile                Err=0         	[2]request: seq=4, cmd=59
2016-09-23 09:34:40.051 Level=2 class=CCrackCaptchaClient       Func=OnSocketDataSent          Err=0         	[2]Data sent(len=4704)
2016-09-23 09:34:40.067 Level=2 class=CCrackCaptchaClient       Func=HandleReceivedData        Err=0         	[2]received: seq=4, cmd=59, rsp=0
2016-09-23 09:34:40.067 Level=0 class=CCrackCaptchaClient       Func=UploadFileThreadFunc      Err=0         	end upload file(seq=3) ...
2016-09-23 09:34:40.082 Level=2 class=CCrackCaptchaClient       Func=UploadFileThreadFunc      Err=0         	[2]request: seq=3, cmd=53
2016-09-23 09:34:40.082 Level=2 class=CCrackCaptchaClient       Func=OnSocketDataSent          Err=0         	[2]Data sent(len=279)
2016-09-23 09:34:40.145 Level=2 class=CCrackCaptchaClient       Func=HandleReceivedData        Err=0         	[2]received: seq=3, cmd=53, rsp=0
2016-09-23 09:34:40.145 Level=2 class=CCrackCaptchaClient       Func=InnerGetDecodeResult      Err=0         	[2]request: seq=5, cmd=54
2016-09-23 09:34:40.145 Level=2 class=CCrackCaptchaClient       Func=OnSocketDataSent          Err=0         	[2]Data sent(len=38)
2016-09-23 09:34:55.453 Level=2 class=CCrackCaptchaClient       Func=HandleReceivedData        Err=0         	[2]received: seq=5, cmd=54, rsp=0
2016-09-23 09:34:55.453 Level=2 class=CCrackCaptchaClient       Func=InnerGetDecodeResult      Err=0         	GetDecodeResult success(uProcessID=3, vcodeid=879679162, VCode=审结据英国)
2016-09-23 09:34:55.453 Level=0 class=CCrackCaptchaClient       Func=GetDecodeResult           Err=0         	GetResult Success: processID=3, VCode=审结据英国, id=879679162
2016-09-23 09:36:36.577 Level=3 class=CCrackCaptchaClient       Func=Login                     Err=0         	Enter Login
2016-09-23 09:36:36.593 Level=2 class=CMySocket                 Func=Connect                   Err=0         	Connect server(205499749:123) success(socket=668): connect return: 0
2016-09-23 09:36:36.593 Level=2 class=CMySocket                 Func=Connect                   Err=0         	Connect server(438669399:123) success(socket=680): connect return: 0
2016-09-23 09:36:36.593 Level=2 class=CMySocket                 Func=Connect                   Err=0         	Connect server(-1977258716:123) success(socket=660): connect return: 0
2016-09-23 09:36:36.593 Level=2 class=CMySocket                 Func=Connect                   Err=0         	Connect server(490886960:123) success(socket=696): connect return: 0
2016-09-23 09:36:36.624 Level=2 class=CMySocket                 Func=Connect                   Err=0         	Connect server(-1633483125:80) failed(socket=744, time=1474594596)
2016-09-23 09:36:36.624 Level=2 class=TimeSync                  Func=RequestITime              Err=0         	Synchronize time success by time.dama2.com:123
2016-09-23 09:36:36.624 Level=2 class=CCrackCaptchaClient       Func=RequestServer             Err=0         	[1]request: seq=1, cmd=144
2016-09-23 09:36:36.655 Level=2 class=CMySocket                 Func=Connect                   Err=0         	Connect server(1939303714:9708) success(socket=632)
2016-09-23 09:36:36.655 Level=2 class=CMySocket                 Func=Connect                   Err=0         	Connect server(1693561049:9708) success(socket=868)
2016-09-23 09:36:36.686 Level=2 class=CMySocket                 Func=Connect                   Err=0         	Connect server(-1547997662:8512) failed(socket=620, time=1474594596)
2016-09-23 09:36:36.686 Level=2 class=CMySocket                 Func=Connect                   Err=0         	Connect server(1507093794:9057) failed(socket=688, time=1474594596)
2016-09-23 09:36:36.686 Level=2 class=CMySocket                 Func=Connect                   Err=0         	Connect server(851471650:9057) failed(socket=644, time=1474594596)
2016-09-23 09:36:36.686 Level=2 class=CMySocket                 Func=Connect                   Err=0         	Connect server(297496098:8512) failed(socket=696, time=1474594596)
2016-09-23 09:36:36.686 Level=0 class=CCrackCaptchaClient       Func=RequestServer             Err=0         	send data ok
2016-09-23 09:36:36.717 Level=0 class=CCrackCaptchaClient       Func=RequestServer             Err=0         	recv data(len= 90)
2016-09-23 09:36:36.717 Level=0 class=CCrackCaptchaClient       Func=RequestServer             Err=0         	recv data ok
2016-09-23 09:36:36.717 Level=2 class=CCrackCaptchaClient       Func=RequestServer             Err=0         	RequestServer Success
2016-09-23 09:36:36.733 Level=2 class=CMySocket                 Func=Connect                   Err=0         	Connect server(560229159:9708) success(socket=688)
2016-09-23 09:36:36.749 Level=2 class=CMySocket                 Func=Connect                   Err=0         	Connect server(560229159:8512) failed(socket=868, time=1474594596)
2016-09-23 09:36:36.749 Level=2 class=CMySocket                 Func=Connect                   Err=0         	Connect server(560229159:9057) failed(socket=692, time=1474594596)
2016-09-23 09:36:36.749 Level=0 class=CCrackCaptchaClient       Func=OnSocketAccepting         Err=0         	[2]connected to server(ip=560229159, port=9708)
2016-09-23 09:36:36.749 Level=3 class=CCrackCaptchaClient       Func=InnerLogin                Err=0         	Enter InnerLogin
2016-09-23 09:36:36.764 Level=2 class=CCrackCaptchaClient       Func=InnerLogin                Err=0         	[2]request: seq=2, cmd=48
2016-09-23 09:36:36.764 Level=2 class=CCrackCaptchaClient       Func=OnSocketDataSent          Err=0         	[2]Data sent(len=186)
2016-09-23 09:36:36.795 Level=2 class=CCrackCaptchaClient       Func=HandleReceivedData        Err=0         	[2]received: seq=2, cmd=48, rsp=0
2016-09-23 09:36:36.795 Level=2 class=CCrackCaptchaClient       Func=InnerLogin                Err=0         	talonlei login(softname=test)
2016-09-23 09:36:36.795 Level=3 class=CCrackCaptchaClient       Func=InnerLogin                Err=0         	Exit InnerLogin(used 47ms)
2016-09-23 09:36:36.795 Level=3 class=CCrackCaptchaClient       Func=Login                     Err=0         	Exit Login(used 218ms)
2016-09-23 09:36:36.795 Level=2 class=CCrackCaptchaClient       Func=RequestDecode             Err=0         	start decode: datalen=4602, ext=JPG, len=0, timeout=20, type=25
2016-09-23 09:36:36.811 Level=3 class=CCrackCaptchaClient       Func=RequestDecode             Err=0         	Exit RequestDecode(used 0ms)
2016-09-23 09:36:36.811 Level=2 class=CCrackCaptchaClient       Func=GetDecodeResult           Err=0         	start GetResult: processID=3, uTimeout=20000
2016-09-23 09:36:36.811 Level=0 class=CCrackCaptchaClient       Func=UploadFileThreadFunc      Err=0         	start upload file(seq=3) ...
2016-09-23 09:36:36.811 Level=2 class=CCrackCaptchaClient       Func=UploadFile                Err=0         	[2]request: seq=4, cmd=59
2016-09-23 09:36:36.811 Level=2 class=CCrackCaptchaClient       Func=OnSocketDataSent          Err=0         	[2]Data sent(len=4704)
2016-09-23 09:36:36.827 Level=2 class=CCrackCaptchaClient       Func=HandleReceivedData        Err=0         	[2]received: seq=4, cmd=59, rsp=0
2016-09-23 09:36:36.827 Level=0 class=CCrackCaptchaClient       Func=UploadFileThreadFunc      Err=0         	end upload file(seq=3) ...
2016-09-23 09:36:36.842 Level=2 class=CCrackCaptchaClient       Func=UploadFileThreadFunc      Err=0         	[2]request: seq=3, cmd=53
2016-09-23 09:36:36.842 Level=2 class=CCrackCaptchaClient       Func=OnSocketDataSent          Err=0         	[2]Data sent(len=279)
2016-09-23 09:36:36.873 Level=2 class=CCrackCaptchaClient       Func=HandleReceivedData        Err=0         	[2]received: seq=3, cmd=53, rsp=0
2016-09-23 09:36:36.889 Level=2 class=CCrackCaptchaClient       Func=InnerGetDecodeResult      Err=0         	[2]request: seq=5, cmd=54
2016-09-23 09:36:36.889 Level=2 class=CCrackCaptchaClient       Func=OnSocketDataSent          Err=0         	[2]Data sent(len=38)
2016-09-23 09:36:40.608 Level=2 class=CCrackCaptchaClient       Func=HandleReceivedData        Err=0         	[2]received: seq=5, cmd=54, rsp=0
2016-09-23 09:36:40.608 Level=2 class=CCrackCaptchaClient       Func=InnerGetDecodeResult      Err=0         	GetDecodeResult success(uProcessID=3, vcodeid=879696449, VCode=DIADDR)
2016-09-23 09:36:40.608 Level=0 class=CCrackCaptchaClient       Func=GetDecodeResult           Err=0         	GetResult Success: processID=3, VCode=DIADDR, id=879696449
2016-09-23 09:43:51.589 Level=3 class=CCrackCaptchaClient       Func=Login                     Err=0         	Enter Login
2016-09-23 09:43:51.604 Level=2 class=CMySocket                 Func=Connect                   Err=0         	Connect server(-1977258716:123) success(socket=660): connect return: 0
2016-09-23 09:43:51.604 Level=2 class=CMySocket                 Func=Connect                   Err=0         	Connect server(1313630337:123) success(socket=696): connect return: 0
2016-09-23 09:43:51.604 Level=2 class=CMySocket                 Func=Connect                   Err=0         	Connect server(-1271646585:123) success(socket=740): connect return: 0
2016-09-23 09:43:51.604 Level=2 class=CMySocket                 Func=Connect                   Err=0         	Connect server(-85091299:123) success(socket=668): connect return: 0
2016-09-23 09:43:51.604 Level=2 class=CMySocket                 Func=Connect                   Err=0         	Connect server(-1633483125:80) failed(socket=756, time=1474595031)
2016-09-23 09:43:51.604 Level=2 class=TimeSync                  Func=RequestITime              Err=0         	Synchronize time success by cn.ntp.org.cn:123
2016-09-23 09:43:51.604 Level=2 class=CCrackCaptchaClient       Func=RequestServer             Err=0         	[1]request: seq=1, cmd=144
2016-09-23 09:43:51.636 Level=2 class=CMySocket                 Func=Connect                   Err=0         	Connect server(1507093794:9059) success(socket=872)
2016-09-23 09:43:51.651 Level=2 class=CMySocket                 Func=Connect                   Err=0         	Connect server(-1462473438:9059) success(socket=632)
2016-09-23 09:43:51.667 Level=2 class=CMySocket                 Func=Connect                   Err=0         	Connect server(1489136930:8140) failed(socket=684, time=1474595031)
2016-09-23 09:43:51.667 Level=2 class=CMySocket                 Func=Connect                   Err=0         	Connect server(297496098:8140) failed(socket=648, time=1474595031)
2016-09-23 09:43:51.667 Level=2 class=CMySocket                 Func=Connect                   Err=0         	Connect server(851471650:9057) failed(socket=740, time=1474595031)
2016-09-23 09:43:51.667 Level=2 class=CMySocket                 Func=Connect                   Err=0         	Connect server(1693561049:9057) failed(socket=880, time=1474595031)
2016-09-23 09:43:51.667 Level=0 class=CCrackCaptchaClient       Func=RequestServer             Err=0         	send data ok
2016-09-23 09:43:51.698 Level=0 class=CCrackCaptchaClient       Func=RequestServer             Err=0         	recv data(len= 90)
2016-09-23 09:43:51.698 Level=0 class=CCrackCaptchaClient       Func=RequestServer             Err=0         	recv data ok
2016-09-23 09:43:51.698 Level=2 class=CCrackCaptchaClient       Func=RequestServer             Err=0         	RequestServer Success
2016-09-23 09:43:51.714 Level=2 class=CMySocket                 Func=Connect                   Err=0         	Connect server(560229159:9059) success(socket=684)
2016-09-23 09:43:51.714 Level=2 class=CMySocket                 Func=Connect                   Err=0         	Connect server(560229159:9057) failed(socket=880, time=1474595031)
2016-09-23 09:43:51.714 Level=2 class=CMySocket                 Func=Connect                   Err=0         	Connect server(560229159:8140) failed(socket=776, time=1474595031)
2016-09-23 09:43:51.714 Level=0 class=CCrackCaptchaClient       Func=OnSocketAccepting         Err=0         	[2]connected to server(ip=560229159, port=9059)
2016-09-23 09:43:51.714 Level=3 class=CCrackCaptchaClient       Func=InnerLogin                Err=0         	Enter InnerLogin
2016-09-23 09:43:51.729 Level=2 class=CCrackCaptchaClient       Func=InnerLogin                Err=0         	[2]request: seq=2, cmd=48
2016-09-23 09:43:51.729 Level=2 class=CCrackCaptchaClient       Func=OnSocketDataSent          Err=0         	[2]Data sent(len=186)
2016-09-23 09:43:51.760 Level=2 class=CCrackCaptchaClient       Func=HandleReceivedData        Err=0         	[2]received: seq=2, cmd=48, rsp=0
2016-09-23 09:43:51.760 Level=2 class=CCrackCaptchaClient       Func=InnerLogin                Err=0         	talonlei login(softname=test)
2016-09-23 09:43:51.760 Level=3 class=CCrackCaptchaClient       Func=InnerLogin                Err=0         	Exit InnerLogin(used 47ms)
2016-09-23 09:43:51.760 Level=3 class=CCrackCaptchaClient       Func=Login                     Err=0         	Exit Login(used 171ms)
2016-09-23 09:43:51.760 Level=2 class=CCrackCaptchaClient       Func=RequestDecode             Err=0         	start decode: datalen=4602, ext=JPG, len=0, timeout=20, type=200
2016-09-23 09:43:51.776 Level=3 class=CCrackCaptchaClient       Func=RequestDecode             Err=0         	Exit RequestDecode(used 16ms)
2016-09-23 09:43:51.776 Level=2 class=CCrackCaptchaClient       Func=GetDecodeResult           Err=0         	start GetResult: processID=3, uTimeout=20000
2016-09-23 09:43:51.776 Level=0 class=CCrackCaptchaClient       Func=UploadFileThreadFunc      Err=0         	start upload file(seq=3) ...
2016-09-23 09:43:51.776 Level=2 class=CCrackCaptchaClient       Func=UploadFile                Err=0         	[2]request: seq=4, cmd=59
2016-09-23 09:43:51.776 Level=2 class=CCrackCaptchaClient       Func=OnSocketDataSent          Err=0         	[2]Data sent(len=4704)
2016-09-23 09:43:51.792 Level=2 class=CCrackCaptchaClient       Func=HandleReceivedData        Err=0         	[2]received: seq=4, cmd=59, rsp=0
2016-09-23 09:43:51.807 Level=0 class=CCrackCaptchaClient       Func=UploadFileThreadFunc      Err=0         	end upload file(seq=3) ...
2016-09-23 09:43:51.807 Level=2 class=CCrackCaptchaClient       Func=UploadFileThreadFunc      Err=0         	[2]request: seq=3, cmd=53
2016-09-23 09:43:51.807 Level=2 class=CCrackCaptchaClient       Func=OnSocketDataSent          Err=0         	[2]Data sent(len=279)
2016-09-23 09:43:51.870 Level=2 class=CCrackCaptchaClient       Func=HandleReceivedData        Err=0         	[2]received: seq=3, cmd=53, rsp=0
2016-09-23 09:43:51.870 Level=2 class=CCrackCaptchaClient       Func=InnerGetDecodeResult      Err=0         	[2]request: seq=5, cmd=54
2016-09-23 09:43:51.870 Level=2 class=CCrackCaptchaClient       Func=OnSocketDataSent          Err=0         	[2]Data sent(len=38)
2016-09-23 09:43:53.901 Level=2 class=CCrackCaptchaClient       Func=HandleReceivedData        Err=0         	[2]received: seq=5, cmd=54, rsp=0
2016-09-23 09:43:53.901 Level=2 class=CCrackCaptchaClient       Func=InnerGetDecodeResult      Err=0         	GetDecodeResult success(uProcessID=3, vcodeid=879765736, VCode=4)
2016-09-23 09:43:53.901 Level=0 class=CCrackCaptchaClient       Func=GetDecodeResult           Err=0         	GetResult Success: processID=3, VCode=4, id=879765736
2016-09-23 09:44:08.996 Level=3 class=CCrackCaptchaClient       Func=Login                     Err=0         	Enter Login
2016-09-23 09:44:09.011 Level=2 class=CMySocket                 Func=Connect                   Err=0         	Connect server(-1977258716:123) success(socket=656): connect return: 0
2016-09-23 09:44:09.011 Level=2 class=CMySocket                 Func=Connect                   Err=0         	Connect server(1313630337:123) success(socket=724): connect return: 0
2016-09-23 09:44:09.011 Level=2 class=CMySocket                 Func=Connect                   Err=0         	Connect server(-85091299:123) success(socket=672): connect return: 0
2016-09-23 09:44:09.011 Level=2 class=CMySocket                 Func=Connect                   Err=0         	Connect server(-1271646585:123) success(socket=740): connect return: 0
2016-09-23 09:44:09.027 Level=2 class=CMySocket                 Func=Connect                   Err=0         	Connect server(-1633483125:80) failed(socket=748, time=1474595049)
2016-09-23 09:44:09.027 Level=2 class=TimeSync                  Func=RequestITime              Err=0         	Synchronize time success by cn.ntp.org.cn:123
2016-09-23 09:44:09.027 Level=2 class=CCrackCaptchaClient       Func=RequestServer             Err=0         	[1]request: seq=1, cmd=144
2016-09-23 09:44:09.058 Level=2 class=CMySocket                 Func=Connect                   Err=0         	Connect server(297496098:9059) success(socket=628)
2016-09-23 09:44:09.058 Level=2 class=CMySocket                 Func=Connect                   Err=0         	Connect server(1507093794:9059) success(socket=708)
2016-09-23 09:44:09.074 Level=2 class=CMySocket                 Func=Connect                   Err=0         	Connect server(1507093794:9057) failed(socket=640, time=1474595049)
2016-09-23 09:44:09.089 Level=2 class=CMySocket                 Func=Connect                   Err=0         	Connect server(1507093794:8140) failed(socket=896, time=1474595049)
2016-09-23 09:44:09.089 Level=2 class=CMySocket                 Func=Connect                   Err=0         	Connect server(297496098:8140) failed(socket=736, time=1474595049)
2016-09-23 09:44:09.089 Level=2 class=CMySocket                 Func=Connect                   Err=0         	Connect server(297496098:9057) failed(socket=740, time=1474595049)
2016-09-23 09:44:09.089 Level=0 class=CCrackCaptchaClient       Func=RequestServer             Err=0         	send data ok
2016-09-23 09:44:09.120 Level=0 class=CCrackCaptchaClient       Func=RequestServer             Err=0         	recv data(len= 90)
2016-09-23 09:44:09.120 Level=0 class=CCrackCaptchaClient       Func=RequestServer             Err=0         	recv data ok
2016-09-23 09:44:09.120 Level=2 class=CCrackCaptchaClient       Func=RequestServer             Err=0         	RequestServer Success
2016-09-23 09:44:09.136 Level=2 class=CMySocket                 Func=Connect                   Err=0         	Connect server(560229159:9059) success(socket=636)
2016-09-23 09:44:09.136 Level=2 class=CMySocket                 Func=Connect                   Err=0         	Connect server(560229159:9057) failed(socket=708, time=1474595049)
2016-09-23 09:44:09.136 Level=2 class=CMySocket                 Func=Connect                   Err=0         	Connect server(560229159:8140) failed(socket=728, time=1474595049)
2016-09-23 09:44:09.152 Level=0 class=CCrackCaptchaClient       Func=OnSocketAccepting         Err=0         	[2]connected to server(ip=560229159, port=9059)
2016-09-23 09:44:09.152 Level=3 class=CCrackCaptchaClient       Func=InnerLogin                Err=0         	Enter InnerLogin
2016-09-23 09:44:09.152 Level=2 class=CCrackCaptchaClient       Func=InnerLogin                Err=0         	[2]request: seq=2, cmd=48
2016-09-23 09:44:09.152 Level=2 class=CCrackCaptchaClient       Func=OnSocketDataSent          Err=0         	[2]Data sent(len=186)
2016-09-23 09:44:09.198 Level=2 class=CCrackCaptchaClient       Func=HandleReceivedData        Err=0         	[2]received: seq=2, cmd=48, rsp=0
2016-09-23 09:44:09.214 Level=2 class=CCrackCaptchaClient       Func=InnerLogin                Err=0         	talonlei login(softname=test)
2016-09-23 09:44:09.214 Level=3 class=CCrackCaptchaClient       Func=InnerLogin                Err=0         	Exit InnerLogin(used 63ms)
2016-09-23 09:44:09.214 Level=3 class=CCrackCaptchaClient       Func=Login                     Err=0         	Exit Login(used 219ms)
2016-09-23 09:44:21.177 Level=3 class=CCrackCaptchaClient       Func=Login                     Err=0         	Enter Login
2016-09-23 09:44:21.177 Level=2 class=CMySocket                 Func=Connect                   Err=0         	Connect server(1313630337:123) success(socket=720): connect return: 0
2016-09-23 09:44:21.193 Level=2 class=CMySocket                 Func=Connect                   Err=0         	Connect server(-1271646585:123) success(socket=732): connect return: 0
2016-09-23 09:44:21.193 Level=2 class=CMySocket                 Func=Connect                   Err=0         	Connect server(-1977258716:123) success(socket=660): connect return: 0
2016-09-23 09:44:21.193 Level=2 class=CMySocket                 Func=Connect                   Err=0         	Connect server(-85091299:123) success(socket=676): connect return: 0
2016-09-23 09:44:21.193 Level=2 class=CMySocket                 Func=Connect                   Err=0         	Connect server(-1633483125:80) failed(socket=764, time=1474595061)
2016-09-23 09:44:21.193 Level=2 class=TimeSync                  Func=RequestITime              Err=0         	Synchronize time success by cn.ntp.org.cn:123
2016-09-23 09:44:21.193 Level=2 class=CCrackCaptchaClient       Func=RequestServer             Err=0         	[1]request: seq=1, cmd=144
2016-09-23 09:44:21.224 Level=2 class=CMySocket                 Func=Connect                   Err=0         	Connect server(297496098:9059) success(socket=632)
2016-09-23 09:44:21.224 Level=2 class=CMySocket                 Func=Connect                   Err=0         	Connect server(1507093794:9059) success(socket=684)
2016-09-23 09:44:21.240 Level=2 class=CMySocket                 Func=Connect                   Err=0         	Connect server(297496098:9057) failed(socket=732, time=1474595061)
2016-09-23 09:44:21.240 Level=2 class=CMySocket                 Func=Connect                   Err=0         	Connect server(1507093794:8140) failed(socket=708, time=1474595061)
2016-09-23 09:44:21.240 Level=2 class=CMySocket                 Func=Connect                   Err=0         	Connect server(1507093794:9057) failed(socket=644, time=1474595061)
2016-09-23 09:44:21.240 Level=2 class=CMySocket                 Func=Connect                   Err=0         	Connect server(297496098:8140) failed(socket=752, time=1474595061)
2016-09-23 09:44:21.240 Level=0 class=CCrackCaptchaClient       Func=RequestServer             Err=0         	send data ok
2016-09-23 09:44:21.272 Level=0 class=CCrackCaptchaClient       Func=RequestServer             Err=0         	recv data(len= 90)
2016-09-23 09:44:21.272 Level=0 class=CCrackCaptchaClient       Func=RequestServer             Err=0         	recv data ok
2016-09-23 09:44:21.272 Level=2 class=CCrackCaptchaClient       Func=RequestServer             Err=0         	RequestServer Success
2016-09-23 09:44:21.288 Level=2 class=CMySocket                 Func=Connect                   Err=0         	Connect server(560229159:9059) success(socket=932)
2016-09-23 09:44:21.288 Level=2 class=CMySocket                 Func=Connect                   Err=0         	Connect server(560229159:9057) failed(socket=976, time=1474595061)
2016-09-23 09:44:21.288 Level=2 class=CMySocket                 Func=Connect                   Err=0         	Connect server(560229159:8140) failed(socket=716, time=1474595061)
2016-09-23 09:44:21.303 Level=0 class=CCrackCaptchaClient       Func=OnSocketAccepting         Err=0         	[2]connected to server(ip=560229159, port=9059)
2016-09-23 09:44:21.303 Level=3 class=CCrackCaptchaClient       Func=InnerLogin                Err=0         	Enter InnerLogin
2016-09-23 09:44:21.303 Level=2 class=CCrackCaptchaClient       Func=InnerLogin                Err=0         	[2]request: seq=2, cmd=48
2016-09-23 09:44:21.303 Level=2 class=CCrackCaptchaClient       Func=OnSocketDataSent          Err=0         	[2]Data sent(len=186)
2016-09-23 09:44:21.334 Level=2 class=CCrackCaptchaClient       Func=HandleReceivedData        Err=0         	[2]received: seq=2, cmd=48, rsp=0
2016-09-23 09:44:21.334 Level=2 class=CCrackCaptchaClient       Func=InnerLogin                Err=0         	talonlei login(softname=test)
2016-09-23 09:44:21.350 Level=3 class=CCrackCaptchaClient       Func=InnerLogin                Err=0         	Exit InnerLogin(used 31ms)
2016-09-23 09:44:21.350 Level=3 class=CCrackCaptchaClient       Func=Login                     Err=0         	Exit Login(used 172ms)
2016-09-23 09:44:21.350 Level=2 class=CCrackCaptchaClient       Func=RequestDecode             Err=0         	start decode: datalen=5289, ext=JPG, len=0, timeout=20, type=200
2016-09-23 09:44:21.350 Level=3 class=CCrackCaptchaClient       Func=RequestDecode             Err=0         	Exit RequestDecode(used 0ms)
2016-09-23 09:44:21.350 Level=2 class=CCrackCaptchaClient       Func=GetDecodeResult           Err=0         	start GetResult: processID=3, uTimeout=20000
2016-09-23 09:44:21.350 Level=0 class=CCrackCaptchaClient       Func=UploadFileThreadFunc      Err=0         	start upload file(seq=3) ...
2016-09-23 09:44:21.350 Level=2 class=CCrackCaptchaClient       Func=UploadFile                Err=0         	[2]request: seq=4, cmd=59
2016-09-23 09:44:21.366 Level=2 class=CCrackCaptchaClient       Func=OnSocketDataSent          Err=0         	[2]Data sent(len=5391)
2016-09-23 09:44:21.381 Level=2 class=CCrackCaptchaClient       Func=HandleReceivedData        Err=0         	[2]received: seq=4, cmd=59, rsp=0
2016-09-23 09:44:21.381 Level=0 class=CCrackCaptchaClient       Func=UploadFileThreadFunc      Err=0         	end upload file(seq=3) ...
2016-09-23 09:44:21.381 Level=2 class=CCrackCaptchaClient       Func=UploadFileThreadFunc      Err=0         	[2]request: seq=3, cmd=53
2016-09-23 09:44:21.397 Level=2 class=CCrackCaptchaClient       Func=OnSocketDataSent          Err=0         	[2]Data sent(len=279)
2016-09-23 09:44:21.444 Level=2 class=CCrackCaptchaClient       Func=HandleReceivedData        Err=0         	[2]received: seq=3, cmd=53, rsp=0
2016-09-23 09:44:21.444 Level=2 class=CCrackCaptchaClient       Func=InnerGetDecodeResult      Err=0         	[2]request: seq=5, cmd=54
2016-09-23 09:44:21.444 Level=2 class=CCrackCaptchaClient       Func=OnSocketDataSent          Err=0         	[2]Data sent(len=38)
2016-09-23 09:44:25.993 Level=2 class=CCrackCaptchaClient       Func=HandleReceivedData        Err=0         	[2]received: seq=5, cmd=54, rsp=0
2016-09-23 09:44:26.009 Level=2 class=CCrackCaptchaClient       Func=InnerGetDecodeResult      Err=0         	GetDecodeResult success(uProcessID=3, vcodeid=879770455, VCode=助人为乐)
2016-09-23 09:44:26.009 Level=0 class=CCrackCaptchaClient       Func=GetDecodeResult           Err=0         	GetResult Success: processID=3, VCode=助人为乐, id=879770455
